-------------------------------------------------------------------------------
Test set: com.example.demo.Demo1ApplicationTests
-------------------------------------------------------------------------------
Tests run: 1, Failures: 0, Errors: 1, Skipped: 0, Time elapsed: 0.811 s <<< FAILURE! - in com.example.demo.Demo1ApplicationTests
com.example.demo.Demo1ApplicationTests  Time elapsed: 0.809 s  <<< ERROR!
java.lang.IllegalStateException: Unable to find a @SpringBootConfiguration, you need to use @ContextConfiguration or @SpringBootTest(classes=...) with your test

