<?xml version="1.0" encoding="UTF-8"?>
<testsuite xmlns:xsi="http://www.w3.org/2001/XMLSchema-instance" xsi:noNamespaceSchemaLocation="https://maven.apache.org/surefire/maven-surefire-plugin/xsd/surefire-test-report.xsd" name="com.example.demo.Demo1ApplicationTests" time="0.811" tests="1" errors="1" skipped="0" failures="0">
  <properties>
[...]
</properties>
  <testcase name="com.example.demo.Demo1ApplicationTests" classname="com.example.demo.Demo1ApplicationTests" time="0.809">
    <error message="Unable to find a @SpringBootConfiguration, you need to use @ContextConfiguration or @SpringBootTest(classes=...) with your test" type="java.lang.IllegalStateException">java.lang.IllegalStateException: Unable to find a @SpringBootConfiguration, you need to use @ContextConfiguration or @SpringBootTest(classes=...) with your test
</error>
    <system-out><![CDATA[16:03:22.287 [main] DEBUG org.springframework.test.context.BootstrapUtils - Instantiating CacheAwareContextLoaderDelegate from class [org.springframework.test.context.cache.DefaultCacheAwareContextLoaderDelegate]
16:03:22.330 [main] DEBUG org.springframework.test.context.BootstrapUtils - Instantiating BootstrapContext using constructor [public org.springframework.test.context.support.DefaultBootstrapContext(java.lang.Class,org.springframework.test.context.CacheAwareContextLoaderDelegate)]
16:03:22.389 [main] DEBUG org.springframework.test.context.BootstrapUtils - Instantiating TestContextBootstrapper for test class [com.example.demo.Demo1ApplicationTests] from class [org.springframework.boot.test.context.SpringBootTestContextBootstrapper]
16:03:22.435 [main] INFO org.springframework.boot.test.context.SpringBootTestContextBootstrapper - Neither @ContextConfiguration nor @ContextHierarchy found for test class [com.example.demo.Demo1ApplicationTests], using SpringBootContextLoader
16:03:22.441 [main] DEBUG org.springframework.test.context.support.AbstractContextLoader - Did not detect default resource location for test class [com.example.demo.Demo1ApplicationTests]: class path resource [com/example/demo/Demo1ApplicationTests-context.xml] does not exist
16:03:22.442 [main] DEBUG org.springframework.test.context.support.AbstractContextLoader - Did not detect default resource location for test class [com.example.demo.Demo1ApplicationTests]: class path resource [com/example/demo/Demo1ApplicationTestsContext.groovy] does not exist
16:03:22.442 [main] INFO org.springframework.test.context.support.AbstractContextLoader - Could not detect default resource locations for test class [com.example.demo.Demo1ApplicationTests]: no resource found for suffixes {-context.xml, Context.groovy}.
16:03:22.443 [main] INFO org.springframework.test.context.support.AnnotationConfigContextLoaderUtils - Could not detect default configuration classes for test class [com.example.demo.Demo1ApplicationTests]: Demo1ApplicationTests does not declare any static, non-private, non-final, nested classes annotated with @Configuration.
16:03:22.583 [main] DEBUG org.springframework.test.context.support.ActiveProfilesUtils - Could not find an 'annotation declaring class' for annotation type [org.springframework.test.context.ActiveProfiles] and class [com.example.demo.Demo1ApplicationTests]
]]></system-out>
  </testcase>
</testsuite>